[Thu Apr 20 2017 03:14:17 GMT+0300 (FLE Daylight Time)] INFO STDOUT: /home/makkaraperuna
[Thu Apr 20 2017 03:14:17 GMT+0300 (FLE Daylight Time)] INFO STDOUT SHOUDS: /home/makkaraperuna
[Thu Apr 20 2017 03:14:17 GMT+0300 (FLE Daylight Time)] ERROR { AssertionError: localFile does not exist at /server/compiled/nginx_conf/serve-site.sh
    at SSH.<anonymous> (C:\Users\Euler\Code\deploy-tool\node_modules\node-ssh\lib\index.js:265:30)
    at next (native)
    at step (C:\Users\Euler\Code\deploy-tool\node_modules\node-ssh\lib\index.js:35:191)
    at C:\Users\Euler\Code\deploy-tool\node_modules\node-ssh\lib\index.js:35:361
  name: 'AssertionError',
  actual: false,
  expected: true,
  operator: '==',
  message: 'localFile does not exist at /server/compiled/nginx_conf/serve-site.sh',
  generatedMessage: false }
[Thu Apr 20 2017 03:17:19 GMT+0300 (FLE Daylight Time)] INFO STDOUT: /home/makkaraperuna
[Thu Apr 20 2017 03:17:19 GMT+0300 (FLE Daylight Time)] INFO STDOUT SHOUDS: /home/makkaraperuna
[Thu Apr 20 2017 03:17:20 GMT+0300 (FLE Daylight Time)] ERROR { Error: No such file
    at SFTPStream._transform (C:\Users\Euler\Code\deploy-tool\node_modules\ssh2-streams\lib\sftp.js:405:27)
    at SFTPStream.Transform._read (_stream_transform.js:167:10)
    at SFTPStream._read (C:\Users\Euler\Code\deploy-tool\node_modules\ssh2-streams\lib\sftp.js:181:15)
    at SFTPStream.Transform._write (_stream_transform.js:155:12)
    at doWrite (_stream_writable.js:333:12)
    at writeOrBuffer (_stream_writable.js:319:5)
    at SFTPStream.Writable.write (_stream_writable.js:246:11)
    at Channel.ondata (_stream_readable.js:555:20)
    at emitOne (events.js:96:13)
    at Channel.emit (events.js:188:7) code: 2, lang: '' }
[Thu Apr 20 2017 03:17:50 GMT+0300 (FLE Daylight Time)] INFO STDOUT: /home/makkaraperuna
[Thu Apr 20 2017 03:17:51 GMT+0300 (FLE Daylight Time)] INFO STDOUT SHOUDS: /home/makkaraperuna
[Thu Apr 20 2017 03:17:51 GMT+0300 (FLE Daylight Time)] ERROR { Error: No such file
    at SFTPStream._transform (C:\Users\Euler\Code\deploy-tool\node_modules\ssh2-streams\lib\sftp.js:405:27)
    at SFTPStream.Transform._read (_stream_transform.js:167:10)
    at SFTPStream._read (C:\Users\Euler\Code\deploy-tool\node_modules\ssh2-streams\lib\sftp.js:181:15)
    at SFTPStream.Transform._write (_stream_transform.js:155:12)
    at doWrite (_stream_writable.js:333:12)
    at writeOrBuffer (_stream_writable.js:319:5)
    at SFTPStream.Writable.write (_stream_writable.js:246:11)
    at Channel.ondata (_stream_readable.js:555:20)
    at emitOne (events.js:96:13)
    at Channel.emit (events.js:188:7) code: 2, lang: '' }
[Thu Apr 20 2017 03:18:54 GMT+0300 (FLE Daylight Time)] INFO STDOUT: /home/makkaraperuna
[Thu Apr 20 2017 03:18:54 GMT+0300 (FLE Daylight Time)] INFO STDOUT SHOUDS: /home/makkaraperuna
[Thu Apr 20 2017 03:18:55 GMT+0300 (FLE Daylight Time)] ERROR { Error: No such file
    at SFTPStream._transform (C:\Users\Euler\Code\deploy-tool\node_modules\ssh2-streams\lib\sftp.js:405:27)
    at SFTPStream.Transform._read (_stream_transform.js:167:10)
    at SFTPStream._read (C:\Users\Euler\Code\deploy-tool\node_modules\ssh2-streams\lib\sftp.js:181:15)
    at SFTPStream.Transform._write (_stream_transform.js:155:12)
    at doWrite (_stream_writable.js:333:12)
    at writeOrBuffer (_stream_writable.js:319:5)
    at SFTPStream.Writable.write (_stream_writable.js:246:11)
    at Channel.ondata (_stream_readable.js:555:20)
    at emitOne (events.js:96:13)
    at Channel.emit (events.js:188:7) code: 2, lang: '' }
[Thu Apr 20 2017 03:24:44 GMT+0300 (FLE Daylight Time)] INFO STDOUT: /root
[Thu Apr 20 2017 03:24:44 GMT+0300 (FLE Daylight Time)] INFO STDOUT SHOUDS: /root
[Thu Apr 20 2017 03:24:45 GMT+0300 (FLE Daylight Time)] ERROR { Error: No such file
    at SFTPStream._transform (C:\Users\Euler\Code\deploy-tool\node_modules\ssh2-streams\lib\sftp.js:405:27)
    at SFTPStream.Transform._read (_stream_transform.js:167:10)
    at SFTPStream._read (C:\Users\Euler\Code\deploy-tool\node_modules\ssh2-streams\lib\sftp.js:181:15)
    at SFTPStream.Transform._write (_stream_transform.js:155:12)
    at doWrite (_stream_writable.js:333:12)
    at writeOrBuffer (_stream_writable.js:319:5)
    at SFTPStream.Writable.write (_stream_writable.js:246:11)
    at Channel.ondata (_stream_readable.js:555:20)
    at emitOne (events.js:96:13)
    at Channel.emit (events.js:188:7) code: 2, lang: '' }
[Thu Apr 20 2017 03:25:14 GMT+0300 (FLE Daylight Time)] INFO STDOUT: /home/makkaraperuna
[Thu Apr 20 2017 03:25:14 GMT+0300 (FLE Daylight Time)] INFO STDOUT SHOUDS: /home/makkaraperuna
[Thu Apr 20 2017 03:25:15 GMT+0300 (FLE Daylight Time)] ERROR { Error: No such file
    at SFTPStream._transform (C:\Users\Euler\Code\deploy-tool\node_modules\ssh2-streams\lib\sftp.js:405:27)
    at SFTPStream.Transform._read (_stream_transform.js:167:10)
    at SFTPStream._read (C:\Users\Euler\Code\deploy-tool\node_modules\ssh2-streams\lib\sftp.js:181:15)
    at SFTPStream.Transform._write (_stream_transform.js:155:12)
    at doWrite (_stream_writable.js:333:12)
    at writeOrBuffer (_stream_writable.js:319:5)
    at SFTPStream.Writable.write (_stream_writable.js:246:11)
    at Channel.ondata (_stream_readable.js:555:20)
    at emitOne (events.js:96:13)
    at Channel.emit (events.js:188:7) code: 2, lang: '' }
[Thu Apr 20 2017 03:26:48 GMT+0300 (FLE Daylight Time)] INFO STDOUT: /home/makkaraperuna
[Thu Apr 20 2017 03:26:48 GMT+0300 (FLE Daylight Time)] INFO STDOUT SHOUDS: /home/makkaraperuna
[Thu Apr 20 2017 03:26:49 GMT+0300 (FLE Daylight Time)] ERROR { Error: No such file
    at SFTPStream._transform (C:\Users\Euler\Code\deploy-tool\node_modules\ssh2-streams\lib\sftp.js:405:27)
    at SFTPStream.Transform._read (_stream_transform.js:167:10)
    at SFTPStream._read (C:\Users\Euler\Code\deploy-tool\node_modules\ssh2-streams\lib\sftp.js:181:15)
    at SFTPStream.Transform._write (_stream_transform.js:155:12)
    at doWrite (_stream_writable.js:333:12)
    at writeOrBuffer (_stream_writable.js:319:5)
    at SFTPStream.Writable.write (_stream_writable.js:246:11)
    at Channel.ondata (_stream_readable.js:555:20)
    at emitOne (events.js:96:13)
    at Channel.emit (events.js:188:7) code: 2, lang: '' }
[Thu Apr 20 2017 03:27:22 GMT+0300 (FLE Daylight Time)] INFO STDOUT: /home/makkaraperuna
[Thu Apr 20 2017 03:27:22 GMT+0300 (FLE Daylight Time)] INFO STDOUT SHOUDS: /home/makkaraperuna
[Thu Apr 20 2017 03:27:23 GMT+0300 (FLE Daylight Time)] ERROR { Error: No such file
    at SFTPStream._transform (C:\Users\Euler\Code\deploy-tool\node_modules\ssh2-streams\lib\sftp.js:405:27)
    at SFTPStream.Transform._read (_stream_transform.js:167:10)
    at SFTPStream._read (C:\Users\Euler\Code\deploy-tool\node_modules\ssh2-streams\lib\sftp.js:181:15)
    at SFTPStream.Transform._write (_stream_transform.js:155:12)
    at doWrite (_stream_writable.js:333:12)
    at writeOrBuffer (_stream_writable.js:319:5)
    at SFTPStream.Writable.write (_stream_writable.js:246:11)
    at Channel.ondata (_stream_readable.js:555:20)
    at emitOne (events.js:96:13)
    at Channel.emit (events.js:188:7) code: 2, lang: '' }
[Thu Apr 20 2017 03:27:45 GMT+0300 (FLE Daylight Time)] INFO STDOUT: /home/makkaraperuna
[Thu Apr 20 2017 03:27:45 GMT+0300 (FLE Daylight Time)] INFO STDOUT SHOUDS: /home/makkaraperuna
[Thu Apr 20 2017 03:27:46 GMT+0300 (FLE Daylight Time)] ERROR { Error: No such file
    at SFTPStream._transform (C:\Users\Euler\Code\deploy-tool\node_modules\ssh2-streams\lib\sftp.js:405:27)
    at SFTPStream.Transform._read (_stream_transform.js:167:10)
    at SFTPStream._read (C:\Users\Euler\Code\deploy-tool\node_modules\ssh2-streams\lib\sftp.js:181:15)
    at SFTPStream.Transform._write (_stream_transform.js:155:12)
    at doWrite (_stream_writable.js:333:12)
    at writeOrBuffer (_stream_writable.js:319:5)
    at SFTPStream.Writable.write (_stream_writable.js:246:11)
    at Channel.ondata (_stream_readable.js:555:20)
    at emitOne (events.js:96:13)
    at Channel.emit (events.js:188:7) code: 2, lang: '' }
[Thu Apr 20 2017 03:29:03 GMT+0300 (FLE Daylight Time)] INFO STDOUT: /home/makkaraperuna
[Thu Apr 20 2017 03:29:03 GMT+0300 (FLE Daylight Time)] INFO STDOUT SHOUDS: /home/makkaraperuna
[Thu Apr 20 2017 03:29:04 GMT+0300 (FLE Daylight Time)] ERROR { Error: No such file
    at SFTPStream._transform (C:\Users\Euler\Code\deploy-tool\node_modules\ssh2-streams\lib\sftp.js:405:27)
    at SFTPStream.Transform._read (_stream_transform.js:167:10)
    at SFTPStream._read (C:\Users\Euler\Code\deploy-tool\node_modules\ssh2-streams\lib\sftp.js:181:15)
    at SFTPStream.Transform._write (_stream_transform.js:155:12)
    at doWrite (_stream_writable.js:333:12)
    at writeOrBuffer (_stream_writable.js:319:5)
    at SFTPStream.Writable.write (_stream_writable.js:246:11)
    at Channel.ondata (_stream_readable.js:555:20)
    at emitOne (events.js:96:13)
    at Channel.emit (events.js:188:7) code: 2, lang: '' }
[Thu Apr 20 2017 03:31:34 GMT+0300 (FLE Daylight Time)] INFO STDOUT: /home/makkaraperuna
[Thu Apr 20 2017 03:31:35 GMT+0300 (FLE Daylight Time)] INFO STDOUT SHOUDS: /home/makkaraperuna
[Thu Apr 20 2017 03:31:35 GMT+0300 (FLE Daylight Time)] INFO script uploaded: undefined
[Thu Apr 20 2017 03:34:06 GMT+0300 (FLE Daylight Time)] INFO STDOUT: /home/makkaraperuna
[Thu Apr 20 2017 03:34:06 GMT+0300 (FLE Daylight Time)] INFO STDOUT SHOUDS: /home/makkaraperuna
[Thu Apr 20 2017 03:34:07 GMT+0300 (FLE Daylight Time)] INFO script uploaded: undefined
[Thu Apr 20 2017 03:36:19 GMT+0300 (FLE Daylight Time)] INFO STDOUT: /home/makkaraperuna
[Thu Apr 20 2017 03:36:19 GMT+0300 (FLE Daylight Time)] INFO STDOUT SHOUDS: /home/makkaraperuna
[Thu Apr 20 2017 03:36:20 GMT+0300 (FLE Daylight Time)] INFO script uploaded: undefined
[Thu Apr 20 2017 03:36:34 GMT+0300 (FLE Daylight Time)] INFO STDOUT: /home/makkaraperuna
[Thu Apr 20 2017 03:36:35 GMT+0300 (FLE Daylight Time)] INFO STDOUT SHOUDS: /home/makkaraperuna
[Thu Apr 20 2017 03:36:35 GMT+0300 (FLE Daylight Time)] INFO script uploaded: undefined
